{"C:\\Users\\KIIT01\\Internship\\gripivest-project\\backend\\src\\app.js": {"path":"C:\\Users\\KIIT01\\Internship\\gripivest-project\\backend\\src\\app.js","statementMap":{"0":{"start":{"line":12,"column":12},"end":{"line":12,"column":21}},"1":{"start":{"line":15,"column":0},"end":{"line":15,"column":16}},"2":{"start":{"line":16,"column":0},"end":{"line":16,"column":24}},"3":{"start":{"line":17,"column":0},"end":{"line":17,"column":26}},"4":{"start":{"line":20,"column":0},"end":{"line":20,"column":33}},"5":{"start":{"line":21,"column":0},"end":{"line":21,"column":40}},"6":{"start":{"line":22,"column":0},"end":{"line":22,"column":46}},"7":{"start":{"line":23,"column":0},"end":{"line":23,"column":33}},"8":{"start":{"line":24,"column":0},"end":{"line":24,"column":32}},"9":{"start":{"line":27,"column":0},"end":{"line":41,"column":3}},"10":{"start":{"line":28,"column":2},"end":{"line":40,"column":3}},"11":{"start":{"line":29,"column":4},"end":{"line":29,"column":31}},"12":{"start":{"line":30,"column":4},"end":{"line":33,"column":7}},"13":{"start":{"line":35,"column":4},"end":{"line":39,"column":7}},"14":{"start":{"line":44,"column":0},"end":{"line":46,"column":3}},"15":{"start":{"line":45,"column":2},"end":{"line":45,"column":60}}},"fnMap":{"0":{"name":"(anonymous_0)","decl":{"start":{"line":27,"column":19},"end":{"line":27,"column":20}},"loc":{"start":{"line":27,"column":39},"end":{"line":41,"column":1}},"line":27},"1":{"name":"(anonymous_1)","decl":{"start":{"line":44,"column":13},"end":{"line":44,"column":14}},"loc":{"start":{"line":44,"column":27},"end":{"line":46,"column":1}},"line":44}},"branchMap":{},"s":{"0":9,"1":9,"2":9,"3":9,"4":9,"5":9,"6":9,"7":9,"8":9,"9":9,"10":1,"11":1,"12":1,"13":0,"14":9,"15":0},"f":{"0":1,"1":0},"b":{},"_coverageSchema":"1a1c01bbd47fc00a2c39e90264f33305004495a9","hash":"82b03e7f50287b16fe67111c6f6c7803ec208a4e"}
,"C:\\Users\\KIIT01\\Internship\\gripivest-project\\backend\\src\\config\\db.js": {"path":"C:\\Users\\KIIT01\\Internship\\gripivest-project\\backend\\src\\config\\db.js","statementMap":{"0":{"start":{"line":3,"column":26},"end":{"line":3,"column":57}},"1":{"start":{"line":5,"column":13},"end":{"line":14,"column":2}},"2":{"start":{"line":16,"column":0},"end":{"line":18,"column":1}},"3":{"start":{"line":17,"column":2},"end":{"line":17,"column":49}}},"fnMap":{},"branchMap":{"0":{"loc":{"start":{"line":6,"column":8},"end":{"line":6,"column":61}},"type":"cond-expr","locations":[{"start":{"line":6,"column":28},"end":{"line":6,"column":39}},{"start":{"line":6,"column":42},"end":{"line":6,"column":61}}],"line":6},"1":{"loc":{"start":{"line":7,"column":8},"end":{"line":7,"column":35}},"type":"binary-expr","locations":[{"start":{"line":7,"column":8},"end":{"line":7,"column":27}},{"start":{"line":7,"column":31},"end":{"line":7,"column":35}}],"line":7},"2":{"loc":{"start":{"line":16,"column":0},"end":{"line":18,"column":1}},"type":"if","locations":[{"start":{"line":16,"column":0},"end":{"line":18,"column":1}},{"start":{},"end":{}}],"line":16}},"s":{"0":9,"1":9,"2":9,"3":0},"f":{},"b":{"0":[9,0],"1":[9,0],"2":[0,9]},"_coverageSchema":"1a1c01bbd47fc00a2c39e90264f33305004495a9","hash":"b6b441c2b5525de589277ac6e5eb1101ae8731fe"}
,"C:\\Users\\KIIT01\\Internship\\gripivest-project\\backend\\src\\controllers\\auth.controller.js": {"path":"C:\\Users\\KIIT01\\Internship\\gripivest-project\\backend\\src\\controllers\\auth.controller.js","statementMap":{"0":{"start":{"line":4,"column":19},"end":{"line":4,"column":27}},"1":{"start":{"line":6,"column":2},"end":{"line":8,"column":3}},"2":{"start":{"line":7,"column":4},"end":{"line":7,"column":94}},"3":{"start":{"line":10,"column":2},"end":{"line":25,"column":3}},"4":{"start":{"line":11,"column":19},"end":{"line":11,"column":53}},"5":{"start":{"line":12,"column":4},"end":{"line":16,"column":5}},"6":{"start":{"line":13,"column":6},"end":{"line":13,"column":70}},"7":{"start":{"line":15,"column":6},"end":{"line":15,"column":47}},"8":{"start":{"line":18,"column":4},"end":{"line":20,"column":5}},"9":{"start":{"line":19,"column":6},"end":{"line":19,"column":62}},"10":{"start":{"line":21,"column":4},"end":{"line":23,"column":5}},"11":{"start":{"line":22,"column":6},"end":{"line":22,"column":79}},"12":{"start":{"line":24,"column":4},"end":{"line":24,"column":81}},"13":{"start":{"line":29,"column":30},"end":{"line":29,"column":38}},"14":{"start":{"line":31,"column":2},"end":{"line":33,"column":3}},"15":{"start":{"line":32,"column":4},"end":{"line":32,"column":81}},"16":{"start":{"line":35,"column":2},"end":{"line":49,"column":3}},"17":{"start":{"line":36,"column":18},"end":{"line":36,"column":62}},"18":{"start":{"line":38,"column":4},"end":{"line":40,"column":5}},"19":{"start":{"line":39,"column":6},"end":{"line":39,"column":71}},"20":{"start":{"line":42,"column":4},"end":{"line":45,"column":7}},"21":{"start":{"line":47,"column":4},"end":{"line":47,"column":41}},"22":{"start":{"line":48,"column":4},"end":{"line":48,"column":81}},"23":{"start":{"line":53,"column":2},"end":{"line":61,"column":3}},"24":{"start":{"line":54,"column":23},"end":{"line":54,"column":71}},"25":{"start":{"line":55,"column":4},"end":{"line":55,"column":60}},"26":{"start":{"line":56,"column":4},"end":{"line":56,"column":28}},"27":{"start":{"line":57,"column":4},"end":{"line":57,"column":61}},"28":{"start":{"line":58,"column":4},"end":{"line":58,"column":123}},"29":{"start":{"line":60,"column":4},"end":{"line":60,"column":53}},"30":{"start":{"line":65,"column":2},"end":{"line":70,"column":3}},"31":{"start":{"line":66,"column":4},"end":{"line":66,"column":46}},"32":{"start":{"line":67,"column":4},"end":{"line":67,"column":67}},"33":{"start":{"line":69,"column":4},"end":{"line":69,"column":53}}},"fnMap":{"0":{"name":"signupController","decl":{"start":{"line":3,"column":15},"end":{"line":3,"column":31}},"loc":{"start":{"line":3,"column":42},"end":{"line":26,"column":1}},"line":3},"1":{"name":"loginController","decl":{"start":{"line":28,"column":15},"end":{"line":28,"column":30}},"loc":{"start":{"line":28,"column":41},"end":{"line":50,"column":1}},"line":28},"2":{"name":"forgotPasswordController","decl":{"start":{"line":52,"column":15},"end":{"line":52,"column":39}},"loc":{"start":{"line":52,"column":50},"end":{"line":62,"column":1}},"line":52},"3":{"name":"resetPasswordController","decl":{"start":{"line":64,"column":15},"end":{"line":64,"column":38}},"loc":{"start":{"line":64,"column":49},"end":{"line":71,"column":1}},"line":64}},"branchMap":{"0":{"loc":{"start":{"line":6,"column":2},"end":{"line":8,"column":3}},"type":"if","locations":[{"start":{"line":6,"column":2},"end":{"line":8,"column":3}},{"start":{},"end":{}}],"line":6},"1":{"loc":{"start":{"line":6,"column":6},"end":{"line":6,"column":67}},"type":"binary-expr","locations":[{"start":{"line":6,"column":6},"end":{"line":6,"column":21}},{"start":{"line":6,"column":25},"end":{"line":6,"column":43}},{"start":{"line":6,"column":47},"end":{"line":6,"column":67}}],"line":6},"2":{"loc":{"start":{"line":12,"column":4},"end":{"line":16,"column":5}},"type":"if","locations":[{"start":{"line":12,"column":4},"end":{"line":16,"column":5}},{"start":{"line":14,"column":11},"end":{"line":16,"column":5}}],"line":12},"3":{"loc":{"start":{"line":18,"column":4},"end":{"line":20,"column":5}},"type":"if","locations":[{"start":{"line":18,"column":4},"end":{"line":20,"column":5}},{"start":{},"end":{}}],"line":18},"4":{"loc":{"start":{"line":21,"column":4},"end":{"line":23,"column":5}},"type":"if","locations":[{"start":{"line":21,"column":4},"end":{"line":23,"column":5}},{"start":{},"end":{}}],"line":21},"5":{"loc":{"start":{"line":31,"column":2},"end":{"line":33,"column":3}},"type":"if","locations":[{"start":{"line":31,"column":2},"end":{"line":33,"column":3}},{"start":{},"end":{}}],"line":31},"6":{"loc":{"start":{"line":31,"column":6},"end":{"line":31,"column":25}},"type":"binary-expr","locations":[{"start":{"line":31,"column":6},"end":{"line":31,"column":12}},{"start":{"line":31,"column":16},"end":{"line":31,"column":25}}],"line":31},"7":{"loc":{"start":{"line":38,"column":4},"end":{"line":40,"column":5}},"type":"if","locations":[{"start":{"line":38,"column":4},"end":{"line":40,"column":5}},{"start":{},"end":{}}],"line":38}},"s":{"0":7,"1":7,"2":1,"3":6,"4":6,"5":2,"6":2,"7":0,"8":4,"9":1,"10":3,"11":2,"12":1,"13":5,"14":5,"15":0,"16":5,"17":5,"18":4,"19":2,"20":2,"21":1,"22":1,"23":0,"24":0,"25":0,"26":0,"27":0,"28":0,"29":0,"30":0,"31":0,"32":0,"33":0},"f":{"0":7,"1":5,"2":0,"3":0},"b":{"0":[1,6],"1":[7,7,6],"2":[2,0],"3":[1,3],"4":[2,1],"5":[0,5],"6":[5,5],"7":[2,2]},"_coverageSchema":"1a1c01bbd47fc00a2c39e90264f33305004495a9","hash":"2c89d53ce59e673563bfa02f127ba150d73b3947"}
,"C:\\Users\\KIIT01\\Internship\\gripivest-project\\backend\\src\\controllers\\investment.controller.js": {"path":"C:\\Users\\KIIT01\\Internship\\gripivest-project\\backend\\src\\controllers\\investment.controller.js","statementMap":{"0":{"start":{"line":4,"column":2},"end":{"line":17,"column":3}},"1":{"start":{"line":5,"column":19},"end":{"line":5,"column":30}},"2":{"start":{"line":6,"column":34},"end":{"line":6,"column":42}},"3":{"start":{"line":8,"column":4},"end":{"line":10,"column":5}},"4":{"start":{"line":9,"column":6},"end":{"line":9,"column":85}},"5":{"start":{"line":12,"column":19},"end":{"line":12,"column":76}},"6":{"start":{"line":13,"column":4},"end":{"line":13,"column":33}},"7":{"start":{"line":15,"column":4},"end":{"line":15,"column":55}},"8":{"start":{"line":16,"column":4},"end":{"line":16,"column":53}},"9":{"start":{"line":22,"column":2},"end":{"line":29,"column":3}},"10":{"start":{"line":23,"column":19},"end":{"line":23,"column":30}},"11":{"start":{"line":24,"column":22},"end":{"line":24,"column":66}},"12":{"start":{"line":25,"column":4},"end":{"line":25,"column":36}},"13":{"start":{"line":27,"column":4},"end":{"line":27,"column":54}},"14":{"start":{"line":28,"column":4},"end":{"line":28,"column":66}},"15":{"start":{"line":33,"column":2},"end":{"line":40,"column":3}},"16":{"start":{"line":34,"column":19},"end":{"line":34,"column":30}},"17":{"start":{"line":35,"column":29},"end":{"line":35,"column":39}},"18":{"start":{"line":36,"column":19},"end":{"line":36,"column":71}},"19":{"start":{"line":37,"column":4},"end":{"line":37,"column":21}},"20":{"start":{"line":39,"column":4},"end":{"line":39,"column":53}}},"fnMap":{"0":{"name":"create","decl":{"start":{"line":3,"column":15},"end":{"line":3,"column":21}},"loc":{"start":{"line":3,"column":32},"end":{"line":18,"column":1}},"line":3},"1":{"name":"getPortfolio","decl":{"start":{"line":21,"column":15},"end":{"line":21,"column":27}},"loc":{"start":{"line":21,"column":38},"end":{"line":30,"column":1}},"line":21},"2":{"name":"cancel","decl":{"start":{"line":32,"column":15},"end":{"line":32,"column":21}},"loc":{"start":{"line":32,"column":32},"end":{"line":41,"column":1}},"line":32}},"branchMap":{"0":{"loc":{"start":{"line":8,"column":4},"end":{"line":10,"column":5}},"type":"if","locations":[{"start":{"line":8,"column":4},"end":{"line":10,"column":5}},{"start":{},"end":{}}],"line":8},"1":{"loc":{"start":{"line":8,"column":8},"end":{"line":8,"column":29}},"type":"binary-expr","locations":[{"start":{"line":8,"column":8},"end":{"line":8,"column":18}},{"start":{"line":8,"column":22},"end":{"line":8,"column":29}}],"line":8}},"s":{"0":2,"1":2,"2":2,"3":2,"4":0,"5":2,"6":1,"7":1,"8":1,"9":1,"10":1,"11":1,"12":1,"13":0,"14":0,"15":1,"16":1,"17":1,"18":1,"19":1,"20":0},"f":{"0":2,"1":1,"2":1},"b":{"0":[0,2],"1":[2,2]},"_coverageSchema":"1a1c01bbd47fc00a2c39e90264f33305004495a9","hash":"4ba6e8ba79029601b57d8dde4625fb7065598015"}
,"C:\\Users\\KIIT01\\Internship\\gripivest-project\\backend\\src\\controllers\\log.controller.js": {"path":"C:\\Users\\KIIT01\\Internship\\gripivest-project\\backend\\src\\controllers\\log.controller.js","statementMap":{"0":{"start":{"line":4,"column":2},"end":{"line":9,"column":3}},"1":{"start":{"line":5,"column":17},"end":{"line":5,"column":59}},"2":{"start":{"line":6,"column":4},"end":{"line":6,"column":19}},"3":{"start":{"line":8,"column":4},"end":{"line":8,"column":61}},"4":{"start":{"line":13,"column":2},"end":{"line":18,"column":3}},"5":{"start":{"line":14,"column":20},"end":{"line":14,"column":71}},"6":{"start":{"line":15,"column":4},"end":{"line":15,"column":22}},"7":{"start":{"line":17,"column":4},"end":{"line":17,"column":68}},"8":{"start":{"line":22,"column":2},"end":{"line":27,"column":3}},"9":{"start":{"line":23,"column":20},"end":{"line":23,"column":73}},"10":{"start":{"line":24,"column":4},"end":{"line":24,"column":22}},"11":{"start":{"line":26,"column":4},"end":{"line":26,"column":70}},"12":{"start":{"line":30,"column":2},"end":{"line":39,"column":3}},"13":{"start":{"line":31,"column":22},"end":{"line":31,"column":30}},"14":{"start":{"line":32,"column":4},"end":{"line":34,"column":5}},"15":{"start":{"line":33,"column":6},"end":{"line":33,"column":68}},"16":{"start":{"line":35,"column":17},"end":{"line":35,"column":52}},"17":{"start":{"line":36,"column":4},"end":{"line":36,"column":19}},"18":{"start":{"line":38,"column":4},"end":{"line":38,"column":70}}},"fnMap":{"0":{"name":"getMyLogs","decl":{"start":{"line":3,"column":15},"end":{"line":3,"column":24}},"loc":{"start":{"line":3,"column":35},"end":{"line":10,"column":1}},"line":3},"1":{"name":"getLogSummary","decl":{"start":{"line":12,"column":15},"end":{"line":12,"column":28}},"loc":{"start":{"line":12,"column":39},"end":{"line":19,"column":1}},"line":12},"2":{"name":"getErrorSummary","decl":{"start":{"line":21,"column":15},"end":{"line":21,"column":30}},"loc":{"start":{"line":21,"column":41},"end":{"line":28,"column":1}},"line":21},"3":{"name":"searchLogsByEmail","decl":{"start":{"line":29,"column":15},"end":{"line":29,"column":32}},"loc":{"start":{"line":29,"column":43},"end":{"line":40,"column":1}},"line":29}},"branchMap":{"0":{"loc":{"start":{"line":32,"column":4},"end":{"line":34,"column":5}},"type":"if","locations":[{"start":{"line":32,"column":4},"end":{"line":34,"column":5}},{"start":{},"end":{}}],"line":32}},"s":{"0":3,"1":3,"2":2,"3":1,"4":2,"5":2,"6":1,"7":1,"8":2,"9":2,"10":1,"11":1,"12":0,"13":0,"14":0,"15":0,"16":0,"17":0,"18":0},"f":{"0":3,"1":2,"2":2,"3":0},"b":{"0":[0,0]},"_coverageSchema":"1a1c01bbd47fc00a2c39e90264f33305004495a9","hash":"ca3511093684c11c93b0b9bc6bc5b4083f320b8d"}
,"C:\\Users\\KIIT01\\Internship\\gripivest-project\\backend\\src\\controllers\\product.controller.js": {"path":"C:\\Users\\KIIT01\\Internship\\gripivest-project\\backend\\src\\controllers\\product.controller.js","statementMap":{"0":{"start":{"line":4,"column":2},"end":{"line":10,"column":3}},"1":{"start":{"line":5,"column":23},"end":{"line":5,"column":60}},"2":{"start":{"line":6,"column":4},"end":{"line":6,"column":37}},"3":{"start":{"line":8,"column":4},"end":{"line":8,"column":52}},"4":{"start":{"line":9,"column":4},"end":{"line":9,"column":64}},"5":{"start":{"line":15,"column":2},"end":{"line":21,"column":3}},"6":{"start":{"line":16,"column":21},"end":{"line":16,"column":51}},"7":{"start":{"line":17,"column":4},"end":{"line":17,"column":35}},"8":{"start":{"line":19,"column":4},"end":{"line":19,"column":53}},"9":{"start":{"line":20,"column":4},"end":{"line":20,"column":65}},"10":{"start":{"line":26,"column":2},"end":{"line":35,"column":3}},"11":{"start":{"line":27,"column":20},"end":{"line":27,"column":64}},"12":{"start":{"line":28,"column":4},"end":{"line":30,"column":5}},"13":{"start":{"line":29,"column":6},"end":{"line":29,"column":68}},"14":{"start":{"line":31,"column":4},"end":{"line":31,"column":34}},"15":{"start":{"line":33,"column":4},"end":{"line":33,"column":52}},"16":{"start":{"line":34,"column":4},"end":{"line":34,"column":64}},"17":{"start":{"line":40,"column":2},"end":{"line":49,"column":3}},"18":{"start":{"line":41,"column":25},"end":{"line":41,"column":77}},"19":{"start":{"line":42,"column":4},"end":{"line":44,"column":5}},"20":{"start":{"line":43,"column":6},"end":{"line":43,"column":88}},"21":{"start":{"line":45,"column":4},"end":{"line":45,"column":70}},"22":{"start":{"line":47,"column":4},"end":{"line":47,"column":52}},"23":{"start":{"line":48,"column":4},"end":{"line":48,"column":64}},"24":{"start":{"line":54,"column":2},"end":{"line":63,"column":3}},"25":{"start":{"line":55,"column":25},"end":{"line":55,"column":67}},"26":{"start":{"line":56,"column":4},"end":{"line":58,"column":5}},"27":{"start":{"line":57,"column":6},"end":{"line":57,"column":68}},"28":{"start":{"line":59,"column":4},"end":{"line":59,"column":70}},"29":{"start":{"line":61,"column":4},"end":{"line":61,"column":52}},"30":{"start":{"line":62,"column":4},"end":{"line":62,"column":64}},"31":{"start":{"line":67,"column":2},"end":{"line":73,"column":3}},"32":{"start":{"line":68,"column":29},"end":{"line":68,"column":51}},"33":{"start":{"line":69,"column":21},"end":{"line":69,"column":78}},"34":{"start":{"line":70,"column":4},"end":{"line":70,"column":35}},"35":{"start":{"line":72,"column":4},"end":{"line":72,"column":72}}},"fnMap":{"0":{"name":"create","decl":{"start":{"line":3,"column":15},"end":{"line":3,"column":21}},"loc":{"start":{"line":3,"column":32},"end":{"line":11,"column":1}},"line":3},"1":{"name":"getAll","decl":{"start":{"line":14,"column":15},"end":{"line":14,"column":21}},"loc":{"start":{"line":14,"column":32},"end":{"line":22,"column":1}},"line":14},"2":{"name":"getOne","decl":{"start":{"line":25,"column":15},"end":{"line":25,"column":21}},"loc":{"start":{"line":25,"column":32},"end":{"line":36,"column":1}},"line":25},"3":{"name":"update","decl":{"start":{"line":39,"column":15},"end":{"line":39,"column":21}},"loc":{"start":{"line":39,"column":32},"end":{"line":50,"column":1}},"line":39},"4":{"name":"remove","decl":{"start":{"line":53,"column":15},"end":{"line":53,"column":21}},"loc":{"start":{"line":53,"column":32},"end":{"line":64,"column":1}},"line":53},"5":{"name":"getRecommendations","decl":{"start":{"line":66,"column":15},"end":{"line":66,"column":33}},"loc":{"start":{"line":66,"column":44},"end":{"line":74,"column":1}},"line":66}},"branchMap":{"0":{"loc":{"start":{"line":28,"column":4},"end":{"line":30,"column":5}},"type":"if","locations":[{"start":{"line":28,"column":4},"end":{"line":30,"column":5}},{"start":{},"end":{}}],"line":28},"1":{"loc":{"start":{"line":42,"column":4},"end":{"line":44,"column":5}},"type":"if","locations":[{"start":{"line":42,"column":4},"end":{"line":44,"column":5}},{"start":{},"end":{}}],"line":42},"2":{"loc":{"start":{"line":56,"column":4},"end":{"line":58,"column":5}},"type":"if","locations":[{"start":{"line":56,"column":4},"end":{"line":58,"column":5}},{"start":{},"end":{}}],"line":56}},"s":{"0":1,"1":1,"2":1,"3":0,"4":0,"5":2,"6":2,"7":2,"8":0,"9":0,"10":2,"11":2,"12":2,"13":1,"14":1,"15":0,"16":0,"17":2,"18":2,"19":2,"20":0,"21":2,"22":0,"23":0,"24":1,"25":1,"26":1,"27":0,"28":1,"29":0,"30":0,"31":0,"32":0,"33":0,"34":0,"35":0},"f":{"0":1,"1":2,"2":2,"3":2,"4":1,"5":0},"b":{"0":[1,1],"1":[0,2],"2":[0,1]},"_coverageSchema":"1a1c01bbd47fc00a2c39e90264f33305004495a9","hash":"c7d41b124a95a8d9c48fc6fac6ce950adbf6d82f"}
,"C:\\Users\\KIIT01\\Internship\\gripivest-project\\backend\\src\\controllers\\user.controller.js": {"path":"C:\\Users\\KIIT01\\Internship\\gripivest-project\\backend\\src\\controllers\\user.controller.js","statementMap":{"0":{"start":{"line":4,"column":2},"end":{"line":9,"column":3}},"1":{"start":{"line":5,"column":17},"end":{"line":5,"column":56}},"2":{"start":{"line":6,"column":4},"end":{"line":6,"column":19}},"3":{"start":{"line":8,"column":4},"end":{"line":8,"column":64}},"4":{"start":{"line":13,"column":2},"end":{"line":18,"column":3}},"5":{"start":{"line":14,"column":24},"end":{"line":14,"column":78}},"6":{"start":{"line":15,"column":4},"end":{"line":15,"column":26}},"7":{"start":{"line":17,"column":4},"end":{"line":17,"column":64}}},"fnMap":{"0":{"name":"getProfile","decl":{"start":{"line":3,"column":15},"end":{"line":3,"column":25}},"loc":{"start":{"line":3,"column":36},"end":{"line":10,"column":1}},"line":3},"1":{"name":"updateProfile","decl":{"start":{"line":12,"column":15},"end":{"line":12,"column":28}},"loc":{"start":{"line":12,"column":39},"end":{"line":19,"column":1}},"line":12}},"branchMap":{},"s":{"0":2,"1":2,"2":1,"3":1,"4":0,"5":0,"6":0,"7":0},"f":{"0":2,"1":0},"b":{},"_coverageSchema":"1a1c01bbd47fc00a2c39e90264f33305004495a9","hash":"4b12eea342f5764360b6dcf3845f8563e904b99e"}
,"C:\\Users\\KIIT01\\Internship\\gripivest-project\\backend\\src\\middleware\\auth.middleware.js": {"path":"C:\\Users\\KIIT01\\Internship\\gripivest-project\\backend\\src\\middleware\\auth.middleware.js","statementMap":{"0":{"start":{"line":4,"column":21},"end":{"line":4,"column":49}},"1":{"start":{"line":5,"column":16},"end":{"line":5,"column":54}},"2":{"start":{"line":7,"column":2},"end":{"line":9,"column":3}},"3":{"start":{"line":8,"column":4},"end":{"line":8,"column":31}},"4":{"start":{"line":11,"column":2},"end":{"line":17,"column":5}},"5":{"start":{"line":12,"column":4},"end":{"line":14,"column":5}},"6":{"start":{"line":13,"column":6},"end":{"line":13,"column":33}},"7":{"start":{"line":15,"column":4},"end":{"line":15,"column":20}},"8":{"start":{"line":16,"column":4},"end":{"line":16,"column":11}}},"fnMap":{"0":{"name":"authenticateToken","decl":{"start":{"line":3,"column":16},"end":{"line":3,"column":33}},"loc":{"start":{"line":3,"column":50},"end":{"line":18,"column":1}},"line":3},"1":{"name":"(anonymous_1)","decl":{"start":{"line":11,"column":44},"end":{"line":11,"column":45}},"loc":{"start":{"line":11,"column":59},"end":{"line":17,"column":3}},"line":11}},"branchMap":{"0":{"loc":{"start":{"line":5,"column":16},"end":{"line":5,"column":54}},"type":"binary-expr","locations":[{"start":{"line":5,"column":16},"end":{"line":5,"column":26}},{"start":{"line":5,"column":30},"end":{"line":5,"column":54}}],"line":5},"1":{"loc":{"start":{"line":7,"column":2},"end":{"line":9,"column":3}},"type":"if","locations":[{"start":{"line":7,"column":2},"end":{"line":9,"column":3}},{"start":{},"end":{}}],"line":7},"2":{"loc":{"start":{"line":12,"column":4},"end":{"line":14,"column":5}},"type":"if","locations":[{"start":{"line":12,"column":4},"end":{"line":14,"column":5}},{"start":{},"end":{}}],"line":12}},"s":{"0":3,"1":3,"2":3,"3":1,"4":2,"5":2,"6":1,"7":1,"8":1},"f":{"0":3,"1":2},"b":{"0":[3,2],"1":[1,2],"2":[1,1]},"_coverageSchema":"1a1c01bbd47fc00a2c39e90264f33305004495a9","hash":"a535c2ac4e53464b08b330edcd3f820a9bf0576d"}
,"C:\\Users\\KIIT01\\Internship\\gripivest-project\\backend\\src\\middleware\\logger.middleware.js": {"path":"C:\\Users\\KIIT01\\Internship\\gripivest-project\\backend\\src\\middleware\\logger.middleware.js","statementMap":{"0":{"start":{"line":4,"column":2},"end":{"line":16,"column":5}},"1":{"start":{"line":5,"column":4},"end":{"line":15,"column":5}},"2":{"start":{"line":6,"column":21},"end":{"line":6,"column":50}},"3":{"start":{"line":7,"column":24},"end":{"line":7,"column":56}},"4":{"start":{"line":9,"column":6},"end":{"line":12,"column":8}},"5":{"start":{"line":14,"column":6},"end":{"line":14,"column":57}},"6":{"start":{"line":18,"column":2},"end":{"line":18,"column":9}}},"fnMap":{"0":{"name":"loggerMiddleware","decl":{"start":{"line":3,"column":22},"end":{"line":3,"column":38}},"loc":{"start":{"line":3,"column":55},"end":{"line":19,"column":1}},"line":3},"1":{"name":"(anonymous_1)","decl":{"start":{"line":4,"column":19},"end":{"line":4,"column":20}},"loc":{"start":{"line":4,"column":31},"end":{"line":16,"column":3}},"line":4}},"branchMap":{"0":{"loc":{"start":{"line":6,"column":21},"end":{"line":6,"column":50}},"type":"cond-expr","locations":[{"start":{"line":6,"column":32},"end":{"line":6,"column":43}},{"start":{"line":6,"column":46},"end":{"line":6,"column":50}}],"line":6},"1":{"loc":{"start":{"line":7,"column":24},"end":{"line":7,"column":56}},"type":"cond-expr","locations":[{"start":{"line":7,"column":35},"end":{"line":7,"column":49}},{"start":{"line":7,"column":52},"end":{"line":7,"column":56}}],"line":7}},"s":{"0":30,"1":30,"2":30,"3":30,"4":30,"5":17,"6":30},"f":{"0":30,"1":30},"b":{"0":[17,13],"1":[17,13]},"_coverageSchema":"1a1c01bbd47fc00a2c39e90264f33305004495a9","hash":"5cac4cd4a4fad818bfaca78e690f9e53d3f0f230"}
,"C:\\Users\\KIIT01\\Internship\\gripivest-project\\backend\\src\\routes\\auth.routes.js": {"path":"C:\\Users\\KIIT01\\Internship\\gripivest-project\\backend\\src\\routes\\auth.routes.js","statementMap":{"0":{"start":{"line":4,"column":15},"end":{"line":4,"column":31}},"1":{"start":{"line":6,"column":0},"end":{"line":6,"column":56}},"2":{"start":{"line":7,"column":0},"end":{"line":7,"column":54}},"3":{"start":{"line":8,"column":0},"end":{"line":8,"column":73}},"4":{"start":{"line":9,"column":0},"end":{"line":9,"column":71}}},"fnMap":{},"branchMap":{},"s":{"0":9,"1":9,"2":9,"3":9,"4":9},"f":{},"b":{},"_coverageSchema":"1a1c01bbd47fc00a2c39e90264f33305004495a9","hash":"9c69445bd4bb8111e44d02f10e33d3c0f29ff780"}
,"C:\\Users\\KIIT01\\Internship\\gripivest-project\\backend\\src\\routes\\investment.routes.js": {"path":"C:\\Users\\KIIT01\\Internship\\gripivest-project\\backend\\src\\routes\\investment.routes.js","statementMap":{"0":{"start":{"line":5,"column":15},"end":{"line":5,"column":31}},"1":{"start":{"line":7,"column":0},"end":{"line":7,"column":65}},"2":{"start":{"line":8,"column":0},"end":{"line":8,"column":70}},"3":{"start":{"line":9,"column":0},"end":{"line":9,"column":84}}},"fnMap":{},"branchMap":{},"s":{"0":9,"1":9,"2":9,"3":9},"f":{},"b":{},"_coverageSchema":"1a1c01bbd47fc00a2c39e90264f33305004495a9","hash":"d5d2a22e97a314d43b4a3bd8874a8a617ce08f2a"}
,"C:\\Users\\KIIT01\\Internship\\gripivest-project\\backend\\src\\routes\\log.routes.js": {"path":"C:\\Users\\KIIT01\\Internship\\gripivest-project\\backend\\src\\routes\\log.routes.js","statementMap":{"0":{"start":{"line":5,"column":15},"end":{"line":5,"column":31}},"1":{"start":{"line":7,"column":0},"end":{"line":7,"column":71}},"2":{"start":{"line":8,"column":0},"end":{"line":8,"column":79}},"3":{"start":{"line":9,"column":0},"end":{"line":9,"column":60}},"4":{"start":{"line":10,"column":0},"end":{"line":10,"column":75}}},"fnMap":{},"branchMap":{},"s":{"0":9,"1":9,"2":9,"3":9,"4":9},"f":{},"b":{},"_coverageSchema":"1a1c01bbd47fc00a2c39e90264f33305004495a9","hash":"e51a9a45ef30c9143a37b3f6c76db49a0d0a08b3"}
,"C:\\Users\\KIIT01\\Internship\\gripivest-project\\backend\\src\\routes\\product.routes.js": {"path":"C:\\Users\\KIIT01\\Internship\\gripivest-project\\backend\\src\\routes\\product.routes.js","statementMap":{"0":{"start":{"line":5,"column":15},"end":{"line":5,"column":31}},"1":{"start":{"line":7,"column":0},"end":{"line":7,"column":60}},"2":{"start":{"line":8,"column":0},"end":{"line":8,"column":61}},"3":{"start":{"line":10,"column":0},"end":{"line":10,"column":87}},"4":{"start":{"line":12,"column":0},"end":{"line":12,"column":63}},"5":{"start":{"line":13,"column":0},"end":{"line":13,"column":63}},"6":{"start":{"line":14,"column":0},"end":{"line":14,"column":66}}},"fnMap":{},"branchMap":{},"s":{"0":9,"1":9,"2":9,"3":9,"4":9,"5":9,"6":9},"f":{},"b":{},"_coverageSchema":"1a1c01bbd47fc00a2c39e90264f33305004495a9","hash":"6e5577314880bca5869c0e0f59defb7c86005393"}
,"C:\\Users\\KIIT01\\Internship\\gripivest-project\\backend\\src\\routes\\user.routes.js": {"path":"C:\\Users\\KIIT01\\Internship\\gripivest-project\\backend\\src\\routes\\user.routes.js","statementMap":{"0":{"start":{"line":5,"column":15},"end":{"line":5,"column":31}},"1":{"start":{"line":7,"column":0},"end":{"line":7,"column":69}},"2":{"start":{"line":8,"column":0},"end":{"line":8,"column":72}}},"fnMap":{},"branchMap":{},"s":{"0":9,"1":9,"2":9},"f":{},"b":{},"_coverageSchema":"1a1c01bbd47fc00a2c39e90264f33305004495a9","hash":"a381d529002cb01967879b9f4a578db8962b89a0"}
,"C:\\Users\\KIIT01\\Internship\\gripivest-project\\backend\\src\\services\\auth.service.js": {"path":"C:\\Users\\KIIT01\\Internship\\gripivest-project\\backend\\src\\services\\auth.service.js","statementMap":{"0":{"start":{"line":8,"column":22},"end":{"line":8,"column":24}},"1":{"start":{"line":9,"column":2},"end":{"line":11,"column":3}},"2":{"start":{"line":10,"column":4},"end":{"line":10,"column":51}},"3":{"start":{"line":12,"column":2},"end":{"line":14,"column":3}},"4":{"start":{"line":13,"column":4},"end":{"line":13,"column":53}},"5":{"start":{"line":15,"column":2},"end":{"line":17,"column":3}},"6":{"start":{"line":16,"column":4},"end":{"line":16,"column":63}},"7":{"start":{"line":18,"column":2},"end":{"line":20,"column":3}},"8":{"start":{"line":19,"column":4},"end":{"line":19,"column":63}},"9":{"start":{"line":21,"column":2},"end":{"line":23,"column":3}},"10":{"start":{"line":22,"column":4},"end":{"line":22,"column":77}},"11":{"start":{"line":25,"column":19},"end":{"line":25,"column":43}},"12":{"start":{"line":26,"column":25},"end":{"line":28,"column":60}},"13":{"start":{"line":30,"column":2},"end":{"line":30,"column":38}},"14":{"start":{"line":34,"column":53},"end":{"line":34,"column":61}},"15":{"start":{"line":36,"column":19},"end":{"line":36,"column":50}},"16":{"start":{"line":37,"column":2},"end":{"line":41,"column":3}},"17":{"start":{"line":38,"column":18},"end":{"line":38,"column":52}},"18":{"start":{"line":39,"column":4},"end":{"line":39,"column":27}},"19":{"start":{"line":40,"column":4},"end":{"line":40,"column":16}},"20":{"start":{"line":43,"column":15},"end":{"line":43,"column":39}},"21":{"start":{"line":44,"column":24},"end":{"line":44,"column":57}},"22":{"start":{"line":46,"column":2},"end":{"line":55,"column":3}},"23":{"start":{"line":47,"column":21},"end":{"line":50,"column":5}},"24":{"start":{"line":51,"column":4},"end":{"line":51,"column":18}},"25":{"start":{"line":53,"column":4},"end":{"line":53,"column":53}},"26":{"start":{"line":54,"column":4},"end":{"line":54,"column":16}},"27":{"start":{"line":59,"column":30},"end":{"line":59,"column":39}},"28":{"start":{"line":60,"column":17},"end":{"line":60,"column":79}},"29":{"start":{"line":61,"column":2},"end":{"line":63,"column":3}},"30":{"start":{"line":62,"column":4},"end":{"line":62,"column":16}},"31":{"start":{"line":64,"column":15},"end":{"line":64,"column":22}},"32":{"start":{"line":65,"column":18},"end":{"line":65,"column":68}},"33":{"start":{"line":66,"column":2},"end":{"line":68,"column":3}},"34":{"start":{"line":67,"column":4},"end":{"line":67,"column":16}},"35":{"start":{"line":69,"column":18},"end":{"line":74,"column":3}},"36":{"start":{"line":75,"column":16},"end":{"line":75,"column":78}},"37":{"start":{"line":76,"column":2},"end":{"line":76,"column":15}},"38":{"start":{"line":80,"column":21},"end":{"line":80,"column":84}},"39":{"start":{"line":81,"column":2},"end":{"line":83,"column":3}},"40":{"start":{"line":82,"column":4},"end":{"line":82,"column":60}},"41":{"start":{"line":84,"column":15},"end":{"line":84,"column":26}},"42":{"start":{"line":86,"column":21},"end":{"line":86,"column":59}},"43":{"start":{"line":87,"column":25},"end":{"line":87,"column":85}},"44":{"start":{"line":88,"column":28},"end":{"line":88,"column":58}},"45":{"start":{"line":90,"column":2},"end":{"line":93,"column":4}},"46":{"start":{"line":95,"column":2},"end":{"line":95,"column":20}},"47":{"start":{"line":100,"column":25},"end":{"line":100,"column":80}},"48":{"start":{"line":102,"column":21},"end":{"line":105,"column":3}},"49":{"start":{"line":107,"column":2},"end":{"line":109,"column":3}},"50":{"start":{"line":108,"column":4},"end":{"line":108,"column":56}},"51":{"start":{"line":110,"column":15},"end":{"line":110,"column":26}},"52":{"start":{"line":112,"column":15},"end":{"line":112,"column":39}},"53":{"start":{"line":113,"column":24},"end":{"line":113,"column":57}},"54":{"start":{"line":115,"column":2},"end":{"line":118,"column":4}},"55":{"start":{"line":120,"column":2},"end":{"line":120,"column":14}}},"fnMap":{"0":{"name":"checkPasswordStrength","decl":{"start":{"line":7,"column":9},"end":{"line":7,"column":30}},"loc":{"start":{"line":7,"column":41},"end":{"line":31,"column":1}},"line":7},"1":{"name":"signup","decl":{"start":{"line":33,"column":15},"end":{"line":33,"column":21}},"loc":{"start":{"line":33,"column":32},"end":{"line":56,"column":1}},"line":33},"2":{"name":"login","decl":{"start":{"line":58,"column":15},"end":{"line":58,"column":20}},"loc":{"start":{"line":58,"column":32},"end":{"line":77,"column":1}},"line":58},"3":{"name":"forgotPassword","decl":{"start":{"line":79,"column":15},"end":{"line":79,"column":29}},"loc":{"start":{"line":79,"column":37},"end":{"line":96,"column":1}},"line":79},"4":{"name":"resetPassword","decl":{"start":{"line":99,"column":15},"end":{"line":99,"column":28}},"loc":{"start":{"line":99,"column":50},"end":{"line":121,"column":1}},"line":99}},"branchMap":{"0":{"loc":{"start":{"line":9,"column":2},"end":{"line":11,"column":3}},"type":"if","locations":[{"start":{"line":9,"column":2},"end":{"line":11,"column":3}},{"start":{},"end":{}}],"line":9},"1":{"loc":{"start":{"line":12,"column":2},"end":{"line":14,"column":3}},"type":"if","locations":[{"start":{"line":12,"column":2},"end":{"line":14,"column":3}},{"start":{},"end":{}}],"line":12},"2":{"loc":{"start":{"line":15,"column":2},"end":{"line":17,"column":3}},"type":"if","locations":[{"start":{"line":15,"column":2},"end":{"line":17,"column":3}},{"start":{},"end":{}}],"line":15},"3":{"loc":{"start":{"line":18,"column":2},"end":{"line":20,"column":3}},"type":"if","locations":[{"start":{"line":18,"column":2},"end":{"line":20,"column":3}},{"start":{},"end":{}}],"line":18},"4":{"loc":{"start":{"line":21,"column":2},"end":{"line":23,"column":3}},"type":"if","locations":[{"start":{"line":21,"column":2},"end":{"line":23,"column":3}},{"start":{},"end":{}}],"line":21},"5":{"loc":{"start":{"line":26,"column":25},"end":{"line":28,"column":60}},"type":"cond-expr","locations":[{"start":{"line":27,"column":6},"end":{"line":27,"column":24}},{"start":{"line":28,"column":6},"end":{"line":28,"column":60}}],"line":26},"6":{"loc":{"start":{"line":37,"column":2},"end":{"line":41,"column":3}},"type":"if","locations":[{"start":{"line":37,"column":2},"end":{"line":41,"column":3}},{"start":{},"end":{}}],"line":37},"7":{"loc":{"start":{"line":61,"column":2},"end":{"line":63,"column":3}},"type":"if","locations":[{"start":{"line":61,"column":2},"end":{"line":63,"column":3}},{"start":{},"end":{}}],"line":61},"8":{"loc":{"start":{"line":66,"column":2},"end":{"line":68,"column":3}},"type":"if","locations":[{"start":{"line":66,"column":2},"end":{"line":68,"column":3}},{"start":{},"end":{}}],"line":66},"9":{"loc":{"start":{"line":81,"column":2},"end":{"line":83,"column":3}},"type":"if","locations":[{"start":{"line":81,"column":2},"end":{"line":83,"column":3}},{"start":{},"end":{}}],"line":81},"10":{"loc":{"start":{"line":107,"column":2},"end":{"line":109,"column":3}},"type":"if","locations":[{"start":{"line":107,"column":2},"end":{"line":109,"column":3}},{"start":{},"end":{}}],"line":107}},"s":{"0":2,"1":2,"2":0,"3":2,"4":0,"5":2,"6":0,"7":2,"8":0,"9":2,"10":0,"11":2,"12":2,"13":2,"14":2,"15":2,"16":2,"17":0,"18":0,"19":0,"20":2,"21":2,"22":2,"23":2,"24":1,"25":1,"26":1,"27":4,"28":4,"29":4,"30":1,"31":3,"32":3,"33":3,"34":2,"35":1,"36":1,"37":1,"38":1,"39":1,"40":0,"41":1,"42":1,"43":1,"44":1,"45":1,"46":1,"47":1,"48":1,"49":1,"50":1,"51":0,"52":0,"53":0,"54":0,"55":0},"f":{"0":2,"1":2,"2":4,"3":1,"4":1},"b":{"0":[0,2],"1":[0,2],"2":[0,2],"3":[0,2],"4":[0,2],"5":[2,0],"6":[0,2],"7":[1,3],"8":[2,1],"9":[0,1],"10":[1,0]},"_coverageSchema":"1a1c01bbd47fc00a2c39e90264f33305004495a9","hash":"028bc12849d5a37da09589903f3a0913e8f9d0f0"}
,"C:\\Users\\KIIT01\\Internship\\gripivest-project\\backend\\src\\services\\investment.service.js": {"path":"C:\\Users\\KIIT01\\Internship\\gripivest-project\\backend\\src\\services\\investment.service.js","statementMap":{"0":{"start":{"line":4,"column":21},"end":{"line":4,"column":45}},"1":{"start":{"line":5,"column":2},"end":{"line":45,"column":3}},"2":{"start":{"line":6,"column":4},"end":{"line":6,"column":40}},"3":{"start":{"line":8,"column":23},"end":{"line":8,"column":108}},"4":{"start":{"line":9,"column":4},"end":{"line":9,"column":66}},"5":{"start":{"line":9,"column":31},"end":{"line":9,"column":66}},"6":{"start":{"line":10,"column":17},"end":{"line":10,"column":28}},"7":{"start":{"line":12,"column":4},"end":{"line":14,"column":5}},"8":{"start":{"line":13,"column":6},"end":{"line":13,"column":71}},"9":{"start":{"line":16,"column":26},"end":{"line":16,"column":111}},"10":{"start":{"line":17,"column":4},"end":{"line":17,"column":72}},"11":{"start":{"line":17,"column":34},"end":{"line":17,"column":72}},"12":{"start":{"line":18,"column":20},"end":{"line":18,"column":34}},"13":{"start":{"line":20,"column":4},"end":{"line":20,"column":133}},"14":{"start":{"line":20,"column":41},"end":{"line":20,"column":133}},"15":{"start":{"line":21,"column":4},"end":{"line":21,"column":154}},"16":{"start":{"line":21,"column":67},"end":{"line":21,"column":154}},"17":{"start":{"line":23,"column":24},"end":{"line":23,"column":56}},"18":{"start":{"line":24,"column":25},"end":{"line":24,"column":56}},"19":{"start":{"line":25,"column":28},"end":{"line":25,"column":90}},"20":{"start":{"line":27,"column":23},"end":{"line":27,"column":33}},"21":{"start":{"line":28,"column":26},"end":{"line":28,"column":103}},"22":{"start":{"line":30,"column":4},"end":{"line":33,"column":6}},"23":{"start":{"line":35,"column":23},"end":{"line":35,"column":44}},"24":{"start":{"line":36,"column":4},"end":{"line":36,"column":94}},"25":{"start":{"line":38,"column":4},"end":{"line":38,"column":30}},"26":{"start":{"line":39,"column":4},"end":{"line":39,"column":58}},"27":{"start":{"line":41,"column":4},"end":{"line":41,"column":32}},"28":{"start":{"line":42,"column":4},"end":{"line":42,"column":16}},"29":{"start":{"line":44,"column":4},"end":{"line":44,"column":25}},"30":{"start":{"line":49,"column":17},"end":{"line":57,"column":3}},"31":{"start":{"line":58,"column":2},"end":{"line":58,"column":14}},"32":{"start":{"line":62,"column":21},"end":{"line":62,"column":45}},"33":{"start":{"line":63,"column":2},"end":{"line":85,"column":3}},"34":{"start":{"line":64,"column":4},"end":{"line":64,"column":40}},"35":{"start":{"line":66,"column":29},"end":{"line":69,"column":5}},"36":{"start":{"line":71,"column":4},"end":{"line":71,"column":105}},"37":{"start":{"line":71,"column":37},"end":{"line":71,"column":105}},"38":{"start":{"line":72,"column":23},"end":{"line":72,"column":40}},"39":{"start":{"line":73,"column":4},"end":{"line":73,"column":101}},"40":{"start":{"line":73,"column":40},"end":{"line":73,"column":101}},"41":{"start":{"line":75,"column":4},"end":{"line":75,"column":106}},"42":{"start":{"line":76,"column":4},"end":{"line":76,"column":111}},"43":{"start":{"line":78,"column":4},"end":{"line":78,"column":30}},"44":{"start":{"line":79,"column":4},"end":{"line":79,"column":81}},"45":{"start":{"line":81,"column":4},"end":{"line":81,"column":32}},"46":{"start":{"line":82,"column":4},"end":{"line":82,"column":16}},"47":{"start":{"line":84,"column":4},"end":{"line":84,"column":25}}},"fnMap":{"0":{"name":"create","decl":{"start":{"line":3,"column":15},"end":{"line":3,"column":21}},"loc":{"start":{"line":3,"column":49},"end":{"line":46,"column":1}},"line":3},"1":{"name":"findByUserId","decl":{"start":{"line":48,"column":15},"end":{"line":48,"column":27}},"loc":{"start":{"line":48,"column":36},"end":{"line":59,"column":1}},"line":48},"2":{"name":"cancel","decl":{"start":{"line":61,"column":15},"end":{"line":61,"column":21}},"loc":{"start":{"line":61,"column":44},"end":{"line":86,"column":1}},"line":61}},"branchMap":{"0":{"loc":{"start":{"line":9,"column":4},"end":{"line":9,"column":66}},"type":"if","locations":[{"start":{"line":9,"column":4},"end":{"line":9,"column":66}},{"start":{},"end":{}}],"line":9},"1":{"loc":{"start":{"line":12,"column":4},"end":{"line":14,"column":5}},"type":"if","locations":[{"start":{"line":12,"column":4},"end":{"line":14,"column":5}},{"start":{},"end":{}}],"line":12},"2":{"loc":{"start":{"line":17,"column":4},"end":{"line":17,"column":72}},"type":"if","locations":[{"start":{"line":17,"column":4},"end":{"line":17,"column":72}},{"start":{},"end":{}}],"line":17},"3":{"loc":{"start":{"line":20,"column":4},"end":{"line":20,"column":133}},"type":"if","locations":[{"start":{"line":20,"column":4},"end":{"line":20,"column":133}},{"start":{},"end":{}}],"line":20},"4":{"loc":{"start":{"line":21,"column":4},"end":{"line":21,"column":154}},"type":"if","locations":[{"start":{"line":21,"column":4},"end":{"line":21,"column":154}},{"start":{},"end":{}}],"line":21},"5":{"loc":{"start":{"line":21,"column":8},"end":{"line":21,"column":65}},"type":"binary-expr","locations":[{"start":{"line":21,"column":8},"end":{"line":21,"column":30}},{"start":{"line":21,"column":34},"end":{"line":21,"column":65}}],"line":21},"6":{"loc":{"start":{"line":71,"column":4},"end":{"line":71,"column":105}},"type":"if","locations":[{"start":{"line":71,"column":4},"end":{"line":71,"column":105}},{"start":{},"end":{}}],"line":71},"7":{"loc":{"start":{"line":73,"column":4},"end":{"line":73,"column":101}},"type":"if","locations":[{"start":{"line":73,"column":4},"end":{"line":73,"column":101}},{"start":{},"end":{}}],"line":73}},"s":{"0":2,"1":2,"2":2,"3":2,"4":2,"5":0,"6":2,"7":2,"8":1,"9":1,"10":1,"11":0,"12":1,"13":1,"14":0,"15":1,"16":0,"17":1,"18":1,"19":1,"20":1,"21":1,"22":1,"23":1,"24":1,"25":1,"26":1,"27":1,"28":1,"29":2,"30":1,"31":1,"32":1,"33":1,"34":1,"35":1,"36":1,"37":0,"38":1,"39":1,"40":0,"41":1,"42":1,"43":1,"44":1,"45":0,"46":0,"47":1},"f":{"0":2,"1":1,"2":1},"b":{"0":[0,2],"1":[1,1],"2":[0,1],"3":[0,1],"4":[0,1],"5":[1,1],"6":[0,1],"7":[0,1]},"_coverageSchema":"1a1c01bbd47fc00a2c39e90264f33305004495a9","hash":"09755ff923da18196f962b369eac7a9f558b172e"}
,"C:\\Users\\KIIT01\\Internship\\gripivest-project\\backend\\src\\services\\log.service.js": {"path":"C:\\Users\\KIIT01\\Internship\\gripivest-project\\backend\\src\\services\\log.service.js","statementMap":{"0":{"start":{"line":6,"column":17},"end":{"line":6,"column":103}},"1":{"start":{"line":8,"column":24},"end":{"line":8,"column":35}},"2":{"start":{"line":9,"column":29},"end":{"line":9,"column":77}},"3":{"start":{"line":9,"column":48},"end":{"line":9,"column":69}},"4":{"start":{"line":10,"column":25},"end":{"line":10,"column":59}},"5":{"start":{"line":12,"column":18},"end":{"line":12,"column":175}},"6":{"start":{"line":14,"column":2},"end":{"line":14,"column":72}},"7":{"start":{"line":18,"column":22},"end":{"line":21,"column":3}},"8":{"start":{"line":23,"column":2},"end":{"line":25,"column":3}},"9":{"start":{"line":24,"column":4},"end":{"line":24,"column":98}},"10":{"start":{"line":27,"column":26},"end":{"line":27,"column":38}},"11":{"start":{"line":28,"column":18},"end":{"line":28,"column":175}},"12":{"start":{"line":30,"column":2},"end":{"line":30,"column":41}},"13":{"start":{"line":34,"column":17},"end":{"line":37,"column":3}},"14":{"start":{"line":38,"column":2},"end":{"line":38,"column":14}},"15":{"start":{"line":42,"column":17},"end":{"line":45,"column":3}},"16":{"start":{"line":46,"column":2},"end":{"line":46,"column":14}}},"fnMap":{"0":{"name":"summarizeLogsByUserId","decl":{"start":{"line":5,"column":15},"end":{"line":5,"column":36}},"loc":{"start":{"line":5,"column":45},"end":{"line":15,"column":1}},"line":5},"1":{"name":"(anonymous_1)","decl":{"start":{"line":9,"column":41},"end":{"line":9,"column":42}},"loc":{"start":{"line":9,"column":48},"end":{"line":9,"column":69}},"line":9},"2":{"name":"summarizeErrorsByUserId","decl":{"start":{"line":17,"column":15},"end":{"line":17,"column":38}},"loc":{"start":{"line":17,"column":47},"end":{"line":31,"column":1}},"line":17},"3":{"name":"findByUserId","decl":{"start":{"line":33,"column":15},"end":{"line":33,"column":27}},"loc":{"start":{"line":33,"column":36},"end":{"line":39,"column":1}},"line":33},"4":{"name":"findByEmail","decl":{"start":{"line":41,"column":15},"end":{"line":41,"column":26}},"loc":{"start":{"line":41,"column":34},"end":{"line":47,"column":1}},"line":41}},"branchMap":{"0":{"loc":{"start":{"line":23,"column":2},"end":{"line":25,"column":3}},"type":"if","locations":[{"start":{"line":23,"column":2},"end":{"line":25,"column":3}},{"start":{},"end":{}}],"line":23}},"s":{"0":1,"1":1,"2":1,"3":3,"4":1,"5":1,"6":1,"7":2,"8":2,"9":1,"10":1,"11":1,"12":1,"13":0,"14":0,"15":0,"16":0},"f":{"0":1,"1":3,"2":2,"3":0,"4":0},"b":{"0":[1,1]},"_coverageSchema":"1a1c01bbd47fc00a2c39e90264f33305004495a9","hash":"f11dff77addd6b6307bed467d028df1398b2e707"}
,"C:\\Users\\KIIT01\\Internship\\gripivest-project\\backend\\src\\services\\product.service.js": {"path":"C:\\Users\\KIIT01\\Internship\\gripivest-project\\backend\\src\\services\\product.service.js","statementMap":{"0":{"start":{"line":4,"column":4},"end":{"line":4,"column":198}},"1":{"start":{"line":8,"column":24},"end":{"line":8,"column":35}},"2":{"start":{"line":10,"column":2},"end":{"line":12,"column":3}},"3":{"start":{"line":11,"column":4},"end":{"line":11,"column":51}},"4":{"start":{"line":14,"column":29},"end":{"line":14,"column":60}},"5":{"start":{"line":15,"column":109},"end":{"line":15,"column":127}},"6":{"start":{"line":17,"column":19},"end":{"line":21,"column":3}},"7":{"start":{"line":22,"column":2},"end":{"line":22,"column":56}},"8":{"start":{"line":26,"column":17},"end":{"line":26,"column":68}},"9":{"start":{"line":27,"column":2},"end":{"line":27,"column":14}},"10":{"start":{"line":31,"column":17},"end":{"line":31,"column":87}},"11":{"start":{"line":32,"column":2},"end":{"line":32,"column":17}},"12":{"start":{"line":36,"column":122},"end":{"line":36,"column":133}},"13":{"start":{"line":37,"column":19},"end":{"line":40,"column":3}},"14":{"start":{"line":41,"column":2},"end":{"line":41,"column":29}},"15":{"start":{"line":45,"column":19},"end":{"line":45,"column":87}},"16":{"start":{"line":46,"column":2},"end":{"line":46,"column":29}},"17":{"start":{"line":50,"column":17},"end":{"line":53,"column":3}},"18":{"start":{"line":54,"column":2},"end":{"line":54,"column":14}}},"fnMap":{"0":{"name":"generateDescription","decl":{"start":{"line":3,"column":9},"end":{"line":3,"column":28}},"loc":{"start":{"line":3,"column":38},"end":{"line":5,"column":1}},"line":3},"1":{"name":"create","decl":{"start":{"line":7,"column":15},"end":{"line":7,"column":21}},"loc":{"start":{"line":7,"column":35},"end":{"line":23,"column":1}},"line":7},"2":{"name":"findAll","decl":{"start":{"line":25,"column":15},"end":{"line":25,"column":22}},"loc":{"start":{"line":25,"column":25},"end":{"line":28,"column":1}},"line":25},"3":{"name":"findById","decl":{"start":{"line":30,"column":15},"end":{"line":30,"column":23}},"loc":{"start":{"line":30,"column":28},"end":{"line":33,"column":1}},"line":30},"4":{"name":"update","decl":{"start":{"line":35,"column":15},"end":{"line":35,"column":21}},"loc":{"start":{"line":35,"column":39},"end":{"line":42,"column":1}},"line":35},"5":{"name":"remove","decl":{"start":{"line":44,"column":15},"end":{"line":44,"column":21}},"loc":{"start":{"line":44,"column":26},"end":{"line":47,"column":1}},"line":44},"6":{"name":"getRecommendations","decl":{"start":{"line":49,"column":15},"end":{"line":49,"column":33}},"loc":{"start":{"line":49,"column":48},"end":{"line":55,"column":1}},"line":49}},"branchMap":{"0":{"loc":{"start":{"line":10,"column":2},"end":{"line":12,"column":3}},"type":"if","locations":[{"start":{"line":10,"column":2},"end":{"line":12,"column":3}},{"start":{},"end":{}}],"line":10},"1":{"loc":{"start":{"line":10,"column":6},"end":{"line":10,"column":47}},"type":"binary-expr","locations":[{"start":{"line":10,"column":6},"end":{"line":10,"column":18}},{"start":{"line":10,"column":22},"end":{"line":10,"column":47}}],"line":10}},"s":{"0":2,"1":2,"2":2,"3":2,"4":2,"5":2,"6":2,"7":2,"8":2,"9":2,"10":1,"11":1,"12":1,"13":1,"14":1,"15":1,"16":1,"17":1,"18":1},"f":{"0":2,"1":2,"2":2,"3":1,"4":1,"5":1,"6":1},"b":{"0":[2,0],"1":[2,0]},"_coverageSchema":"1a1c01bbd47fc00a2c39e90264f33305004495a9","hash":"941c1d49fde7926c4de077055de349417711b542"}
,"C:\\Users\\KIIT01\\Internship\\gripivest-project\\backend\\src\\services\\user.service.js": {"path":"C:\\Users\\KIIT01\\Internship\\gripivest-project\\backend\\src\\services\\user.service.js","statementMap":{"0":{"start":{"line":4,"column":17},"end":{"line":7,"column":3}},"1":{"start":{"line":8,"column":2},"end":{"line":8,"column":17}},"2":{"start":{"line":12,"column":22},"end":{"line":12,"column":44}},"3":{"start":{"line":13,"column":2},"end":{"line":13,"column":54}},"4":{"start":{"line":13,"column":20},"end":{"line":13,"column":54}},"5":{"start":{"line":15,"column":26},"end":{"line":15,"column":68}},"6":{"start":{"line":16,"column":25},"end":{"line":16,"column":56}},"7":{"start":{"line":17,"column":22},"end":{"line":17,"column":49}},"8":{"start":{"line":18,"column":21},"end":{"line":18,"column":49}},"9":{"start":{"line":20,"column":2},"end":{"line":23,"column":4}},"10":{"start":{"line":25,"column":2},"end":{"line":25,"column":26}}},"fnMap":{"0":{"name":"findById","decl":{"start":{"line":3,"column":15},"end":{"line":3,"column":23}},"loc":{"start":{"line":3,"column":32},"end":{"line":9,"column":1}},"line":3},"1":{"name":"updateProfile","decl":{"start":{"line":11,"column":15},"end":{"line":11,"column":28}},"loc":{"start":{"line":11,"column":68},"end":{"line":26,"column":1}},"line":11}},"branchMap":{"0":{"loc":{"start":{"line":13,"column":2},"end":{"line":13,"column":54}},"type":"if","locations":[{"start":{"line":13,"column":2},"end":{"line":13,"column":54}},{"start":{},"end":{}}],"line":13},"1":{"loc":{"start":{"line":15,"column":26},"end":{"line":15,"column":68}},"type":"binary-expr","locations":[{"start":{"line":15,"column":26},"end":{"line":15,"column":39}},{"start":{"line":15,"column":43},"end":{"line":15,"column":68}}],"line":15},"2":{"loc":{"start":{"line":17,"column":22},"end":{"line":17,"column":49}},"type":"binary-expr","locations":[{"start":{"line":17,"column":22},"end":{"line":17,"column":44}},{"start":{"line":17,"column":48},"end":{"line":17,"column":49}}],"line":17}},"s":{"0":3,"1":3,"2":1,"3":1,"4":0,"5":1,"6":1,"7":1,"8":1,"9":1,"10":1},"f":{"0":3,"1":1},"b":{"0":[0,1],"1":[1,0],"2":[1,0]},"_coverageSchema":"1a1c01bbd47fc00a2c39e90264f33305004495a9","hash":"705297235bef6c31e28c174939df22d210b79708"}
}
