TN:
SF:src\app.js
FN:27,(anonymous_0)
FN:44,(anonymous_1)
FNF:2
FNH:1
FNDA:1,(anonymous_0)
FNDA:0,(anonymous_1)
DA:12,5
DA:15,5
DA:16,5
DA:17,5
DA:20,5
DA:21,5
DA:22,5
DA:23,5
DA:24,5
DA:27,5
DA:28,1
DA:29,1
DA:30,1
DA:35,0
DA:44,5
DA:45,0
LF:16
LH:14
BRF:0
BRH:0
end_of_record
TN:
SF:src\config\db.js
FNF:0
FNH:0
DA:3,5
DA:5,5
DA:16,5
DA:17,0
LF:4
LH:3
BRDA:6,0,0,5
BRDA:6,0,1,0
BRDA:7,1,0,5
BRDA:7,1,1,0
BRDA:16,2,0,0
BRDA:16,2,1,5
BRF:6
BRH:3
end_of_record
TN:
SF:src\controllers\auth.controller.js
FN:3,signupController
FN:28,loginController
FN:52,forgotPasswordController
FN:64,resetPasswordController
FNF:4
FNH:2
FNDA:5,signupController
FNDA:2,loginController
FNDA:0,forgotPasswordController
FNDA:0,resetPasswordController
DA:4,5
DA:6,5
DA:7,0
DA:10,5
DA:11,5
DA:12,4
DA:13,4
DA:15,0
DA:18,1
DA:19,0
DA:21,1
DA:22,1
DA:24,0
DA:29,2
DA:31,2
DA:32,0
DA:35,2
DA:36,2
DA:38,2
DA:39,1
DA:42,1
DA:47,0
DA:48,0
DA:53,0
DA:54,0
DA:55,0
DA:56,0
DA:57,0
DA:58,0
DA:60,0
DA:65,0
DA:66,0
DA:67,0
DA:69,0
LF:34
LH:16
BRDA:6,0,0,0
BRDA:6,0,1,5
BRDA:6,1,0,5
BRDA:6,1,1,5
BRDA:6,1,2,5
BRDA:12,2,0,4
BRDA:12,2,1,0
BRDA:18,3,0,0
BRDA:18,3,1,1
BRDA:21,4,0,1
BRDA:21,4,1,0
BRDA:31,5,0,0
BRDA:31,5,1,2
BRDA:31,6,0,2
BRDA:31,6,1,2
BRDA:38,7,0,1
BRDA:38,7,1,1
BRF:17
BRH:12
end_of_record
TN:
SF:src\controllers\investment.controller.js
FN:3,create
FN:21,getPortfolio
FN:32,cancel
FNF:3
FNH:1
FNDA:1,create
FNDA:0,getPortfolio
FNDA:0,cancel
DA:4,1
DA:5,1
DA:6,1
DA:8,1
DA:9,0
DA:12,1
DA:13,1
DA:15,0
DA:16,0
DA:22,0
DA:23,0
DA:24,0
DA:25,0
DA:27,0
DA:28,0
DA:33,0
DA:34,0
DA:35,0
DA:36,0
DA:37,0
DA:39,0
LF:21
LH:6
BRDA:8,0,0,0
BRDA:8,0,1,1
BRDA:8,1,0,1
BRDA:8,1,1,1
BRF:4
BRH:3
end_of_record
TN:
SF:src\controllers\log.controller.js
FN:3,getMyLogs
FN:12,getLogSummary
FN:21,getErrorSummary
FN:29,searchLogsByEmail
FNF:4
FNH:0
FNDA:0,getMyLogs
FNDA:0,getLogSummary
FNDA:0,getErrorSummary
FNDA:0,searchLogsByEmail
DA:4,0
DA:5,0
DA:6,0
DA:8,0
DA:13,0
DA:14,0
DA:15,0
DA:17,0
DA:22,0
DA:23,0
DA:24,0
DA:26,0
DA:30,0
DA:31,0
DA:32,0
DA:33,0
DA:35,0
DA:36,0
DA:38,0
LF:19
LH:0
BRDA:32,0,0,0
BRDA:32,0,1,0
BRF:2
BRH:0
end_of_record
TN:
SF:src\controllers\product.controller.js
FN:3,create
FN:14,getAll
FN:25,getOne
FN:39,update
FN:53,remove
FN:66,getRecommendations
FNF:6
FNH:1
FNDA:0,create
FNDA:2,getAll
FNDA:0,getOne
FNDA:0,update
FNDA:0,remove
FNDA:0,getRecommendations
DA:4,0
DA:5,0
DA:6,0
DA:8,0
DA:9,0
DA:15,2
DA:16,2
DA:17,2
DA:19,0
DA:20,0
DA:26,0
DA:27,0
DA:28,0
DA:29,0
DA:31,0
DA:33,0
DA:34,0
DA:40,0
DA:41,0
DA:42,0
DA:43,0
DA:45,0
DA:47,0
DA:48,0
DA:54,0
DA:55,0
DA:56,0
DA:57,0
DA:59,0
DA:61,0
DA:62,0
DA:67,0
DA:68,0
DA:69,0
DA:70,0
DA:72,0
LF:36
LH:3
BRDA:28,0,0,0
BRDA:28,0,1,0
BRDA:42,1,0,0
BRDA:42,1,1,0
BRDA:56,2,0,0
BRDA:56,2,1,0
BRF:6
BRH:0
end_of_record
TN:
SF:src\controllers\user.controller.js
FN:3,getProfile
FN:12,updateProfile
FNF:2
FNH:0
FNDA:0,getProfile
FNDA:0,updateProfile
DA:4,0
DA:5,0
DA:6,0
DA:8,0
DA:13,0
DA:14,0
DA:15,0
DA:17,0
LF:8
LH:0
BRF:0
BRH:0
end_of_record
TN:
SF:src\middleware\auth.middleware.js
FN:3,authenticateToken
FN:11,(anonymous_1)
FNF:2
FNH:0
FNDA:0,authenticateToken
FNDA:0,(anonymous_1)
DA:4,0
DA:5,0
DA:7,0
DA:8,0
DA:11,0
DA:12,0
DA:13,0
DA:15,0
DA:16,0
LF:9
LH:0
BRDA:5,0,0,0
BRDA:5,0,1,0
BRDA:7,1,0,0
BRDA:7,1,1,0
BRDA:12,2,0,0
BRDA:12,2,1,0
BRF:6
BRH:0
end_of_record
TN:
SF:src\middleware\logger.middleware.js
FN:3,loggerMiddleware
FN:4,(anonymous_1)
FNF:2
FNH:2
FNDA:11,loggerMiddleware
FNDA:11,(anonymous_1)
DA:4,11
DA:5,11
DA:6,11
DA:7,11
DA:9,11
DA:14,3
DA:18,11
LF:7
LH:7
BRDA:6,0,0,3
BRDA:6,0,1,8
BRDA:7,1,0,3
BRDA:7,1,1,8
BRF:4
BRH:4
end_of_record
TN:
SF:src\routes\auth.routes.js
FNF:0
FNH:0
DA:4,5
DA:6,5
DA:7,5
DA:8,5
DA:9,5
LF:5
LH:5
BRF:0
BRH:0
end_of_record
TN:
SF:src\routes\investment.routes.js
FNF:0
FNH:0
DA:5,5
DA:7,5
DA:8,5
DA:9,5
LF:4
LH:4
BRF:0
BRH:0
end_of_record
TN:
SF:src\routes\log.routes.js
FNF:0
FNH:0
DA:5,5
DA:7,5
DA:8,5
DA:9,5
DA:10,5
LF:5
LH:5
BRF:0
BRH:0
end_of_record
TN:
SF:src\routes\product.routes.js
FNF:0
FNH:0
DA:5,5
DA:7,5
DA:8,5
DA:10,5
DA:12,5
DA:13,5
DA:14,5
LF:7
LH:7
BRF:0
BRH:0
end_of_record
TN:
SF:src\routes\user.routes.js
FNF:0
FNH:0
DA:5,5
DA:7,5
DA:8,5
LF:3
LH:3
BRF:0
BRH:0
end_of_record
TN:
SF:src\services\auth.service.js
FN:7,checkPasswordStrength
FN:33,signup
FN:58,login
FN:79,forgotPassword
FN:99,resetPassword
FNF:5
FNH:3
FNDA:5,checkPasswordStrength
FNDA:5,signup
FNDA:2,login
FNDA:0,forgotPassword
FNDA:0,resetPassword
DA:8,5
DA:9,5
DA:10,0
DA:12,5
DA:13,0
DA:15,5
DA:16,0
DA:18,5
DA:19,0
DA:21,5
DA:22,0
DA:25,5
DA:26,5
DA:30,5
DA:34,5
DA:36,5
DA:37,5
DA:38,0
DA:39,0
DA:40,0
DA:43,5
DA:44,5
DA:46,5
DA:47,5
DA:51,4
DA:53,1
DA:54,1
DA:59,2
DA:60,2
DA:61,2
DA:62,0
DA:64,2
DA:65,2
DA:66,2
DA:67,1
DA:69,1
DA:75,1
DA:76,1
DA:80,0
DA:81,0
DA:82,0
DA:84,0
DA:86,0
DA:87,0
DA:88,0
DA:90,0
DA:95,0
DA:100,0
DA:102,0
DA:107,0
DA:108,0
DA:110,0
DA:112,0
DA:113,0
DA:115,0
DA:120,0
LF:56
LH:29
BRDA:9,0,0,0
BRDA:9,0,1,5
BRDA:12,1,0,0
BRDA:12,1,1,5
BRDA:15,2,0,0
BRDA:15,2,1,5
BRDA:18,3,0,0
BRDA:18,3,1,5
BRDA:21,4,0,0
BRDA:21,4,1,5
BRDA:26,5,0,5
BRDA:26,5,1,0
BRDA:37,6,0,0
BRDA:37,6,1,5
BRDA:61,7,0,0
BRDA:61,7,1,2
BRDA:66,8,0,1
BRDA:66,8,1,1
BRDA:81,9,0,0
BRDA:81,9,1,0
BRDA:107,10,0,0
BRDA:107,10,1,0
BRF:22
BRH:10
end_of_record
TN:
SF:src\services\investment.service.js
FN:3,create
FN:48,findByUserId
FN:61,cancel
FNF:3
FNH:1
FNDA:2,create
FNDA:0,findByUserId
FNDA:0,cancel
DA:4,2
DA:5,2
DA:6,2
DA:8,2
DA:9,2
DA:10,2
DA:12,2
DA:13,1
DA:16,1
DA:17,1
DA:18,1
DA:20,1
DA:21,1
DA:23,1
DA:24,1
DA:25,1
DA:27,1
DA:28,1
DA:30,1
DA:35,1
DA:36,1
DA:38,1
DA:39,1
DA:41,1
DA:42,1
DA:44,2
DA:49,0
DA:58,0
DA:62,0
DA:63,0
DA:64,0
DA:66,0
DA:71,0
DA:72,0
DA:73,0
DA:75,0
DA:76,0
DA:78,0
DA:79,0
DA:81,0
DA:82,0
DA:84,0
LF:42
LH:26
BRDA:9,0,0,0
BRDA:9,0,1,2
BRDA:12,1,0,1
BRDA:12,1,1,1
BRDA:17,2,0,0
BRDA:17,2,1,1
BRDA:20,3,0,0
BRDA:20,3,1,1
BRDA:21,4,0,0
BRDA:21,4,1,1
BRDA:21,5,0,1
BRDA:21,5,1,1
BRDA:71,6,0,0
BRDA:71,6,1,0
BRDA:73,7,0,0
BRDA:73,7,1,0
BRF:16
BRH:8
end_of_record
TN:
SF:src\services\log.service.js
FN:5,summarizeLogsByUserId
FN:9,(anonymous_1)
FN:17,summarizeErrorsByUserId
FN:33,findByUserId
FN:41,findByEmail
FNF:5
FNH:3
FNDA:1,summarizeLogsByUserId
FNDA:3,(anonymous_1)
FNDA:2,summarizeErrorsByUserId
FNDA:0,findByUserId
FNDA:0,findByEmail
DA:6,1
DA:8,1
DA:9,3
DA:10,1
DA:12,1
DA:14,1
DA:18,2
DA:23,2
DA:24,1
DA:27,1
DA:28,1
DA:30,1
DA:34,0
DA:38,0
DA:42,0
DA:46,0
LF:16
LH:12
BRDA:23,0,0,1
BRDA:23,0,1,1
BRF:2
BRH:2
end_of_record
TN:
SF:src\services\product.service.js
FN:3,generateDescription
FN:7,create
FN:25,findAll
FN:30,findById
FN:35,update
FN:44,remove
FN:49,getRecommendations
FNF:7
FNH:1
FNDA:0,generateDescription
FNDA:0,create
FNDA:1,findAll
FNDA:0,findById
FNDA:0,update
FNDA:0,remove
FNDA:0,getRecommendations
DA:4,0
DA:8,0
DA:10,0
DA:11,0
DA:14,0
DA:15,0
DA:17,0
DA:22,0
DA:26,1
DA:27,1
DA:31,0
DA:32,0
DA:36,0
DA:37,0
DA:41,0
DA:45,0
DA:46,0
DA:50,0
DA:54,0
LF:19
LH:2
BRDA:10,0,0,0
BRDA:10,0,1,0
BRDA:10,1,0,0
BRDA:10,1,1,0
BRF:4
BRH:0
end_of_record
TN:
SF:src\services\user.service.js
FN:3,findById
FN:11,updateProfile
FNF:2
FNH:2
FNDA:3,findById
FNDA:1,updateProfile
DA:4,3
DA:8,3
DA:12,1
DA:13,1
DA:15,1
DA:16,1
DA:17,1
DA:18,1
DA:20,1
DA:25,1
LF:10
LH:10
BRDA:13,0,0,0
BRDA:13,0,1,1
BRDA:15,1,0,1
BRDA:15,1,1,0
BRDA:17,2,0,1
BRDA:17,2,1,0
BRF:6
BRH:3
end_of_record
